Added Component: Designator=C17(CAPC2012X13L)
Add component (AddParameter): Name = "Manufacturer 1"; Value = ""; VariantName = "[No Variations]"
Add component (AddParameter): Name = "Manufacturer Part Number 1"; Value = ""; VariantName = "[No Variations]"
Add component (AddParameter): Name = "Package"; Value = "0805"; VariantName = "[No Variations]"
Add component (AddParameter): Name = "Value"; Value = "100nF"; VariantName = "[No Variations]"
Added Component: Designator=C18(CAPC2012X13L)
Add component (AddParameter): Name = "Manufacturer 1"; Value = ""; VariantName = "[No Variations]"
Add component (AddParameter): Name = "Manufacturer Part Number 1"; Value = ""; VariantName = "[No Variations]"
Add component (AddParameter): Name = "Package"; Value = "0805"; VariantName = "[No Variations]"
Add component (AddParameter): Name = "Value"; Value = "100nF"; VariantName = "[No Variations]"
Added Component: Designator=C19(CAPC2012X13L)
Add component (AddParameter): Name = "Manufacturer 1"; Value = ""; VariantName = "[No Variations]"
Add component (AddParameter): Name = "Manufacturer Part Number 1"; Value = ""; VariantName = "[No Variations]"
Add component (AddParameter): Name = "Package"; Value = "0805"; VariantName = "[No Variations]"
Add component (AddParameter): Name = "Value"; Value = "22pF"; VariantName = "[No Variations]"
Added Component: Designator=C20(CAPC2012X13L)
Add component (AddParameter): Name = "Manufacturer 1"; Value = ""; VariantName = "[No Variations]"
Add component (AddParameter): Name = "Manufacturer Part Number 1"; Value = ""; VariantName = "[No Variations]"
Add component (AddParameter): Name = "Package"; Value = "0805"; VariantName = "[No Variations]"
Add component (AddParameter): Name = "Value"; Value = "100nF"; VariantName = "[No Variations]"
Added Component: Designator=Q6(MMBT2222)
Add component (AddParameter): Name = "ERP"; Value = ""; VariantName = "[No Variations]"
Add component (AddParameter): Name = "Manufacturer 1"; Value = ""; VariantName = "[No Variations]"
Add component (AddParameter): Name = "Manufacturer Part Number 1"; Value = ""; VariantName = "[No Variations]"
Add component (AddParameter): Name = "Package"; Value = "SOT23"; VariantName = "[No Variations]"
Add component (AddParameter): Name = "Supplier 1"; Value = ""; VariantName = "[No Variations]"
Add component (AddParameter): Name = "Suuplier Part Number 1"; Value = ""; VariantName = "[No Variations]"
Add component (AddParameter): Name = "Value"; Value = "MMBT2222A"; VariantName = "[No Variations]"
Added Component: Designator=R20(RES_0603)
Add component (AddParameter): Name = "Manufacturer 1"; Value = ""; VariantName = "[No Variations]"
Add component (AddParameter): Name = "Manufacturer Part Number 1"; Value = "560112116003"; VariantName = "[No Variations]"
Add component (AddParameter): Name = "Package"; Value = "0603"; VariantName = "[No Variations]"
Add component (AddParameter): Name = "Value"; Value = "120R"; VariantName = "[No Variations]"
Added Component: Designator=R21(RES_0603)
Add component (AddParameter): Name = "Manufacturer 1"; Value = ""; VariantName = "[No Variations]"
Add component (AddParameter): Name = "Manufacturer Part Number 1"; Value = "560112116003"; VariantName = "[No Variations]"
Add component (AddParameter): Name = "Package"; Value = "0603"; VariantName = "[No Variations]"
Add component (AddParameter): Name = "Value"; Value = "10k"; VariantName = "[No Variations]"
Added Component: Designator=R22(RES_0603)
Add component (AddParameter): Name = "Manufacturer 1"; Value = ""; VariantName = "[No Variations]"
Add component (AddParameter): Name = "Manufacturer Part Number 1"; Value = "560112116003"; VariantName = "[No Variations]"
Add component (AddParameter): Name = "Package"; Value = "0603"; VariantName = "[No Variations]"
Add component (AddParameter): Name = "Value"; Value = "220R"; VariantName = "[No Variations]"
Added Component: Designator=U4(MCP2515-ST)
Add component (AddParameter): Name = "Manufacturer 1"; Value = ""; VariantName = "[No Variations]"
Add component (AddParameter): Name = "Manufacturer Part Number 1"; Value = ""; VariantName = "[No Variations]"
Add component (AddParameter): Name = "Value"; Value = "MCP2515-E/ST"; VariantName = "[No Variations]"
Added Component: Designator=U5(TJA1050T)
Add component (AddParameter): Name = "Manufacturer 1"; Value = ""; VariantName = "[No Variations]"
Add component (AddParameter): Name = "Manufacturer Part Number 1"; Value = ""; VariantName = "[No Variations]"
Add component (AddParameter): Name = "Value"; Value = "TJA1050T"; VariantName = "[No Variations]"
Added Component: Designator=X1(HC-49US)
Add component (AddParameter): Name = "ERP"; Value = ""; VariantName = "[No Variations]"
Add component (AddParameter): Name = "Manufacturer 1"; Value = ""; VariantName = "[No Variations]"
Add component (AddParameter): Name = "Manufacturer Part Number 1"; Value = ""; VariantName = "[No Variations]"
Add component (AddParameter): Name = "Package"; Value = "HC-49US"; VariantName = "[No Variations]"
Add component (AddParameter): Name = "Value"; Value = "8 MHz"; VariantName = "[No Variations]"
Added Pin To Net: NetName=5V0 Pin=C17-1
Added Pin To Net: NetName=GND Pin=C17-2
Added Pin To Net: NetName=5V0 Pin=C18-1
Added Pin To Net: NetName=GND Pin=C18-2
Added Pin To Net: NetName=GND Pin=C19-2
Added Pin To Net: NetName=GND Pin=C20-2
Added Pin To Net: NetName=GND Pin=Q6-2
Added Pin To Net: NetName=5V0 Pin=R21-1
Added Pin To Net: NetName=GND Pin=U4-10
Added Pin To Net: NetName=5V0 Pin=U4-20
Added Pin To Net: NetName=GND Pin=U5-2
Added Pin To Net: NetName=5V0 Pin=U5-3
Added Pin To Net: NetName=GND Pin=U5-8
Added Pin To Net: NetName=CAN_CS Pin=U4-18
Added Net: Name=CAN_CS
Added Pin To Net: NetName=CAN_INT Pin=U4-13
Added Net: Name=CAN_INT
Added Pin To Net: NetName=CAN_MISO Pin=U4-17
Added Net: Name=CAN_MISO
Added Pin To Net: NetName=CAN_MOSI Pin=U4-16
Added Net: Name=CAN_MOSI
Added Pin To Net: NetName=CAN_NRST Pin=R22-1
Added Net: Name=CAN_NRST
Added Pin To Net: NetName=CAN_SCK Pin=U4-14
Added Net: Name=CAN_SCK
Added Pin To Net: NetName=CANH Pin=R20-1
Added Pin To Net: NetName=CANH Pin=U5-7
Added Net: Name=CANH
Added Pin To Net: NetName=CANL Pin=R20-2
Added Pin To Net: NetName=CANL Pin=U5-6
Added Net: Name=CANL
Added Pin To Net: NetName=NetC19_1 Pin=C19-1
Added Pin To Net: NetName=NetC19_1 Pin=U4-9
Added Pin To Net: NetName=NetC19_1 Pin=X1-1
Added Net: Name=NetC19_1
Added Pin To Net: NetName=NetC20_1 Pin=C20-1
Added Pin To Net: NetName=NetC20_1 Pin=U4-8
Added Pin To Net: NetName=NetC20_1 Pin=X1-2
Added Net: Name=NetC20_1
Added Pin To Net: NetName=NetQ6_1 Pin=Q6-1
Added Pin To Net: NetName=NetQ6_1 Pin=R22-2
Added Net: Name=NetQ6_1
Added Pin To Net: NetName=NetQ6_3 Pin=Q6-3
Added Pin To Net: NetName=NetQ6_3 Pin=R21-2
Added Pin To Net: NetName=NetQ6_3 Pin=U4-19
Added Net: Name=NetQ6_3
Added Pin To Net: NetName=NetU4_1 Pin=U4-1
Added Pin To Net: NetName=NetU4_1 Pin=U5-1
Added Net: Name=NetU4_1
Added Pin To Net: NetName=NetU4_2 Pin=U4-2
Added Pin To Net: NetName=NetU4_2 Pin=U5-4
Added Net: Name=NetU4_2
Added Pin To Net: NetName=NetU4_3 Pin=U4-3
Added Net: Name=NetU4_3
Added Pin To Net: NetName=NetU4_4 Pin=U4-4
Added Net: Name=NetU4_4
Added Pin To Net: NetName=NetU4_5 Pin=U4-5
Added Net: Name=NetU4_5
Added Pin To Net: NetName=NetU4_6 Pin=U4-6
Added Net: Name=NetU4_6
Added Pin To Net: NetName=NetU4_7 Pin=U4-7
Added Net: Name=NetU4_7
Added Pin To Net: NetName=NetU4_11 Pin=U4-11
Added Net: Name=NetU4_11
Added Pin To Net: NetName=NetU4_12 Pin=U4-12
Added Net: Name=NetU4_12
Added Pin To Net: NetName=NetU4_15 Pin=U4-15
Added Net: Name=NetU4_15
Added Pin To Net: NetName=NetU5_5 Pin=U5-5
Added Net: Name=NetU5_5
Added Class: Name=CAN
Added Class: Name=C17_Nets
Added Class: Name=C18_Nets
Added Class: Name=C19_Nets
Added Class: Name=C20_Nets
Added Class: Name=Q6_Nets
Added Class: Name=R20_Nets
Added Class: Name=R21_Nets
Added Class: Name=R22_Nets
Added Class: Name=U4_Nets
Added Class: Name=U5_Nets
Added Class: Name=X1_Nets
