Added Component: Designator=C14(CAPC2012X13L)
Add component (AddParameter): Name = "Manufacturer 1"; Value = ""; VariantName = "[No Variations]"
Add component (AddParameter): Name = "Manufacturer Part Number 1"; Value = ""; VariantName = "[No Variations]"
Add component (AddParameter): Name = "Package"; Value = "0805"; VariantName = "[No Variations]"
Add component (AddParameter): Name = "Value"; Value = "100nF"; VariantName = "[No Variations]"
Added Component: Designator=Q2(BSS138L)
Add component (AddParameter): Name = "ERP"; Value = ""; VariantName = "[No Variations]"
Add component (AddParameter): Name = "Manufacturer 1"; Value = "ON"; VariantName = "[No Variations]"
Add component (AddParameter): Name = "Manufacturer Part Number 1"; Value = "BSS138LT1G"; VariantName = "[No Variations]"
Add component (AddParameter): Name = "Package"; Value = "SOT23-3"; VariantName = "[No Variations]"
Add component (AddParameter): Name = "Supplier 1"; Value = ""; VariantName = "[No Variations]"
Add component (AddParameter): Name = "Supplier Part Number 1"; Value = ""; VariantName = "[No Variations]"
Add component (AddParameter): Name = "Value"; Value = ""; VariantName = "[No Variations]"
Added Component: Designator=Q3(BSS138L)
Add component (AddParameter): Name = "ERP"; Value = ""; VariantName = "[No Variations]"
Add component (AddParameter): Name = "Manufacturer 1"; Value = "ON"; VariantName = "[No Variations]"
Add component (AddParameter): Name = "Manufacturer Part Number 1"; Value = "BSS138LT1G"; VariantName = "[No Variations]"
Add component (AddParameter): Name = "Package"; Value = "SOT23-3"; VariantName = "[No Variations]"
Add component (AddParameter): Name = "Supplier 1"; Value = ""; VariantName = "[No Variations]"
Add component (AddParameter): Name = "Supplier Part Number 1"; Value = ""; VariantName = "[No Variations]"
Add component (AddParameter): Name = "Value"; Value = ""; VariantName = "[No Variations]"
Added Component: Designator=Q4(BSS138L)
Add component (AddParameter): Name = "ERP"; Value = ""; VariantName = "[No Variations]"
Add component (AddParameter): Name = "Manufacturer 1"; Value = "ON"; VariantName = "[No Variations]"
Add component (AddParameter): Name = "Manufacturer Part Number 1"; Value = "BSS138LT1G"; VariantName = "[No Variations]"
Add component (AddParameter): Name = "Package"; Value = "SOT23-3"; VariantName = "[No Variations]"
Add component (AddParameter): Name = "Supplier 1"; Value = ""; VariantName = "[No Variations]"
Add component (AddParameter): Name = "Supplier Part Number 1"; Value = ""; VariantName = "[No Variations]"
Add component (AddParameter): Name = "Value"; Value = ""; VariantName = "[No Variations]"
Added Component: Designator=R6(RES_0603)
Add component (AddParameter): Name = "Manufacturer 1"; Value = ""; VariantName = "[No Variations]"
Add component (AddParameter): Name = "Manufacturer Part Number 1"; Value = "560112116003"; VariantName = "[No Variations]"
Add component (AddParameter): Name = "Package"; Value = "0603"; VariantName = "[No Variations]"
Add component (AddParameter): Name = "Value"; Value = "10k"; VariantName = "[No Variations]"
Added Component: Designator=R7(RES_0603)
Add component (AddParameter): Name = "Manufacturer 1"; Value = ""; VariantName = "[No Variations]"
Add component (AddParameter): Name = "Manufacturer Part Number 1"; Value = "560112116003"; VariantName = "[No Variations]"
Add component (AddParameter): Name = "Package"; Value = "0603"; VariantName = "[No Variations]"
Add component (AddParameter): Name = "Value"; Value = "10k"; VariantName = "[No Variations]"
Added Component: Designator=R8(RES_0603)
Add component (AddParameter): Name = "Manufacturer 1"; Value = ""; VariantName = "[No Variations]"
Add component (AddParameter): Name = "Manufacturer Part Number 1"; Value = "560112116003"; VariantName = "[No Variations]"
Add component (AddParameter): Name = "Package"; Value = "0603"; VariantName = "[No Variations]"
Add component (AddParameter): Name = "Value"; Value = "10k"; VariantName = "[No Variations]"
Added Component: Designator=R9(RES_0603)
Add component (AddParameter): Name = "Manufacturer 1"; Value = ""; VariantName = "[No Variations]"
Add component (AddParameter): Name = "Manufacturer Part Number 1"; Value = "560112116003"; VariantName = "[No Variations]"
Add component (AddParameter): Name = "Package"; Value = "0603"; VariantName = "[No Variations]"
Add component (AddParameter): Name = "Value"; Value = "10k"; VariantName = "[No Variations]"
Added Component: Designator=R10(RES_0603)
Add component (AddParameter): Name = "Manufacturer 1"; Value = ""; VariantName = "[No Variations]"
Add component (AddParameter): Name = "Manufacturer Part Number 1"; Value = "560112116003"; VariantName = "[No Variations]"
Add component (AddParameter): Name = "Package"; Value = "0603"; VariantName = "[No Variations]"
Add component (AddParameter): Name = "Value"; Value = "10k"; VariantName = "[No Variations]"
Added Component: Designator=R11(RES_0603)
Add component (AddParameter): Name = "Manufacturer 1"; Value = ""; VariantName = "[No Variations]"
Add component (AddParameter): Name = "Manufacturer Part Number 1"; Value = "560112116003"; VariantName = "[No Variations]"
Add component (AddParameter): Name = "Package"; Value = "0603"; VariantName = "[No Variations]"
Add component (AddParameter): Name = "Value"; Value = "20k"; VariantName = "[No Variations]"
Added Component: Designator=R12(RES_0603)
Add component (AddParameter): Name = "Manufacturer 1"; Value = ""; VariantName = "[No Variations]"
Add component (AddParameter): Name = "Manufacturer Part Number 1"; Value = "560112116003"; VariantName = "[No Variations]"
Add component (AddParameter): Name = "Package"; Value = "0603"; VariantName = "[No Variations]"
Add component (AddParameter): Name = "Value"; Value = "10k"; VariantName = "[No Variations]"
Added Component: Designator=R13(RES_0603)
Add component (AddParameter): Name = "Manufacturer 1"; Value = ""; VariantName = "[No Variations]"
Add component (AddParameter): Name = "Manufacturer Part Number 1"; Value = "560112116003"; VariantName = "[No Variations]"
Add component (AddParameter): Name = "Package"; Value = "0603"; VariantName = "[No Variations]"
Add component (AddParameter): Name = "Value"; Value = "10k"; VariantName = "[No Variations]"
Added Component: Designator=R14(RES_0603)
Add component (AddParameter): Name = "Manufacturer 1"; Value = ""; VariantName = "[No Variations]"
Add component (AddParameter): Name = "Manufacturer Part Number 1"; Value = "560112116003"; VariantName = "[No Variations]"
Add component (AddParameter): Name = "Package"; Value = "0603"; VariantName = "[No Variations]"
Add component (AddParameter): Name = "Value"; Value = "120R"; VariantName = "[No Variations]"
Added Component: Designator=R15(RES_0603)
Add component (AddParameter): Name = "Manufacturer 1"; Value = ""; VariantName = "[No Variations]"
Add component (AddParameter): Name = "Manufacturer Part Number 1"; Value = "560112116003"; VariantName = "[No Variations]"
Add component (AddParameter): Name = "Package"; Value = "0603"; VariantName = "[No Variations]"
Add component (AddParameter): Name = "Value"; Value = "20k"; VariantName = "[No Variations]"
Added Component: Designator=U2(SOP65P780X200-28M)
Add component (AddParameter): Name = "Manufacturer 1"; Value = ""; VariantName = "[No Variations]"
Add component (AddParameter): Name = "Manufacturer Part Number 1"; Value = ""; VariantName = "[No Variations]"
Add component (AddParameter): Name = "Value"; Value = "SN75176A"; VariantName = "[No Variations]"
Added Pin To Net: NetName=5V0 Pin=C14-1
Added Pin To Net: NetName=GND Pin=C14-2
Added Pin To Net: NetName=5V0 Pin=R7-1
Added Pin To Net: NetName=5V0 Pin=R8-1
Added Pin To Net: NetName=5V0 Pin=R9-1
Added Pin To Net: NetName=5V0 Pin=R10-1
Added Pin To Net: NetName=5V0 Pin=R11-1
Added Pin To Net: NetName=GND Pin=R15-2
Added Pin To Net: NetName=GND Pin=U2-5
Added Pin To Net: NetName=5V0 Pin=U2-8
Added Pin To Net: NetName=3V3 Pin=Q2-1
Added Pin To Net: NetName=3V3 Pin=Q3-1
Added Pin To Net: NetName=3V3 Pin=Q4-1
Added Pin To Net: NetName=3V3 Pin=R6-1
Added Pin To Net: NetName=3V3 Pin=R12-1
Added Pin To Net: NetName=3V3 Pin=R13-1
Added Net: Name=3V3
Added Pin To Net: NetName=485_A Pin=R11-2
Added Pin To Net: NetName=485_A Pin=R14-2
Added Pin To Net: NetName=485_A Pin=U2-6
Added Net: Name=485_A
Added Pin To Net: NetName=485_B Pin=R14-1
Added Pin To Net: NetName=485_B Pin=R15-1
Added Pin To Net: NetName=485_B Pin=U2-7
Added Net: Name=485_B
Added Pin To Net: NetName=485_RX Pin=Q4-2
Added Pin To Net: NetName=485_RX Pin=R13-2
Added Net: Name=485_RX
Added Pin To Net: NetName=485_TE Pin=Q3-2
Added Pin To Net: NetName=485_TE Pin=R12-2
Added Net: Name=485_TE
Added Pin To Net: NetName=485_TX Pin=Q2-2
Added Pin To Net: NetName=485_TX Pin=R6-2
Added Net: Name=485_TX
Added Pin To Net: NetName=NetQ2_3 Pin=Q2-3
Added Pin To Net: NetName=NetQ2_3 Pin=R10-2
Added Pin To Net: NetName=NetQ2_3 Pin=U2-1
Added Net: Name=NetQ2_3
Added Pin To Net: NetName=NetQ3_3 Pin=Q3-3
Added Pin To Net: NetName=NetQ3_3 Pin=R8-2
Added Pin To Net: NetName=NetQ3_3 Pin=R9-2
Added Pin To Net: NetName=NetQ3_3 Pin=U2-2
Added Pin To Net: NetName=NetQ3_3 Pin=U2-3
Added Net: Name=NetQ3_3
Added Pin To Net: NetName=NetQ4_3 Pin=Q4-3
Added Pin To Net: NetName=NetQ4_3 Pin=R7-2
Added Pin To Net: NetName=NetQ4_3 Pin=U2-4
Added Net: Name=NetQ4_3
Added Class: Name=RS485
Added Class: Name=C14_Nets
Added Class: Name=Q2_Nets
Added Class: Name=Q3_Nets
Added Class: Name=Q4_Nets
Added Class: Name=R6_Nets
Added Class: Name=R7_Nets
Added Class: Name=R8_Nets
Added Class: Name=R9_Nets
Added Class: Name=R10_Nets
Added Class: Name=R11_Nets
Added Class: Name=R12_Nets
Added Class: Name=R13_Nets
Added Class: Name=R14_Nets
Added Class: Name=R15_Nets
Added Class: Name=U2_Nets
Added Rule: Name=Schematic Supply Nets_3
