Removed Pin From Net: NetName=GND Pin=J20-1
Removed Pin From Net: NetName=GND Pin=J20-2
Removed Pin From Net: NetName=GND Pin=J20-3
Removed Pin From Net: NetName=GND Pin=J20-4
Removed Pin From Net: NetName=GND Pin=J20-5
Removed Pin From Net: NetName=GND Pin=J20-6
Removed Pin From Net: NetName=GND Pin=J20-7
Removed Pin From Net: NetName=GND Pin=J20-8
Removed Pin From Net: NetName=GND Pin=J20-9
Removed Pin From Net: NetName=GND Pin=J20-10
Removed Pin From Net: NetName=GND Pin=J20-11
Removed Pin From Net: NetName=GND Pin=J20-12
Removed Pin From Net: NetName=GND Pin=J20-13
Removed Pin From Net: NetName=GND Pin=J20-14
Removed Pin From Net: NetName=3V3 Pin=J20-15
Removed Pin From Net: NetName=3V3 Pin=J20-16
Removed Pin From Net: NetName=GND Pin=J20-17
Removed Pin From Net: NetName=GND Pin=J20-18
Removed Pin From Net: NetName=GND Pin=J20-19
Removed Pin From Net: NetName=GND Pin=J20-20
Removed Member From Class: ClassName=J1_Nets Member=NetJ1_2
Removed Member From Class: ClassName=J1_Nets Member=NetJ1_3
Removed Member From Class: ClassName=J1_Nets Member=NetJ1_5
Removed Member From Class: ClassName=J2_Nets Member=NetJ2_6
Removed Member From Class: ClassName=J3_Nets Member=NetJ3_5
Removed Member From Class: ClassName=J3_Nets Member=NetJ3_6
Removed Member From Class: ClassName=J4_Nets Member=NetJ4_1
Removed Member From Class: ClassName=J4_Nets Member=NetJ4_2
Removed Member From Class: ClassName=J4_Nets Member=NetJ4_3
Removed Member From Class: ClassName=J4_Nets Member=NetJ4_5
Added Component: Designator=J9(20PX2R_Male_THT_Shrouded)
Add component (AddParameter): Name = "Manufacturer 1"; Value = "CNC Tech"; VariantName = "[No Variations]"
Add component (AddParameter): Name = "Manufacturer Part Number 1"; Value = ""; VariantName = "[No Variations]"
Add component (AddParameter): Name = "Value"; Value = ""; VariantName = "[No Variations]"
Change Net Name : Old Net Name=NetJ1_2 New Net Name=IOTCK
Change Net Name : Old Net Name=NetJ1_3 New Net Name=IOTDI
Change Net Name : Old Net Name=NetJ1_5 New Net Name=IO2
Change Net Name : Old Net Name=NetJ2_6 New Net Name=IO14
Change Net Name : Old Net Name=NetJ3_5 New Net Name=IO13
Change Net Name : Old Net Name=NetJ3_6 New Net Name=IO21
Change Net Name : Old Net Name=NetJ4_1 New Net Name=IO38
Change Net Name : Old Net Name=NetJ4_2 New Net Name=IOTDO
Change Net Name : Old Net Name=NetJ4_3 New Net Name=IOTMS
Change Net Name : Old Net Name=NetJ4_5 New Net Name=IO1
Change Net Color : Old Net Color=RGB(158, 161, 117) New Net Color=Black
Change Net Color : Old Net Color=RGB(158, 161, 117) New Net Color=Black
Change Net Color : Old Net Color=RGB(158, 161, 117) New Net Color=Black
Change Net Color : Old Net Color=RGB(158, 161, 117) New Net Color=Black
Change Net Color : Old Net Color=RGB(158, 161, 117) New Net Color=Black
Change Net Color : Old Net Color=RGB(158, 161, 117) New Net Color=Black
Added Pin To Net: NetName=NetJ9_1 Pin=J9-1
Added Net: Name=NetJ9_1
Added Pin To Net: NetName=NetJ9_2 Pin=J9-2
Added Net: Name=NetJ9_2
Added Pin To Net: NetName=NetJ9_3 Pin=J9-3
Added Net: Name=NetJ9_3
Added Pin To Net: NetName=NetJ9_4 Pin=J9-4
Added Net: Name=NetJ9_4
Added Pin To Net: NetName=NetJ9_5 Pin=J9-5
Added Net: Name=NetJ9_5
Added Pin To Net: NetName=NetJ9_6 Pin=J9-6
Added Net: Name=NetJ9_6
Added Pin To Net: NetName=NetJ9_7 Pin=J9-7
Added Net: Name=NetJ9_7
Added Pin To Net: NetName=NetJ9_8 Pin=J9-8
Added Net: Name=NetJ9_8
Added Pin To Net: NetName=NetJ9_9 Pin=J9-9
Added Net: Name=NetJ9_9
Added Pin To Net: NetName=NetJ9_10 Pin=J9-10
Added Net: Name=NetJ9_10
Added Pin To Net: NetName=NetJ9_11 Pin=J9-11
Added Net: Name=NetJ9_11
Added Pin To Net: NetName=NetJ9_12 Pin=J9-12
Added Net: Name=NetJ9_12
Added Pin To Net: NetName=NetJ9_13 Pin=J9-13
Added Net: Name=NetJ9_13
Added Pin To Net: NetName=NetJ9_14 Pin=J9-14
Added Net: Name=NetJ9_14
Added Pin To Net: NetName=NetJ9_15 Pin=J9-15
Added Net: Name=NetJ9_15
Added Pin To Net: NetName=NetJ9_16 Pin=J9-16
Added Net: Name=NetJ9_16
Added Pin To Net: NetName=NetJ9_17 Pin=J9-17
Added Net: Name=NetJ9_17
Added Pin To Net: NetName=NetJ9_18 Pin=J9-18
Added Net: Name=NetJ9_18
Added Pin To Net: NetName=NetJ9_19 Pin=J9-19
Added Net: Name=NetJ9_19
Added Pin To Net: NetName=NetJ9_20 Pin=J9-20
Added Net: Name=NetJ9_20
Added Class: Name=J9_Nets
Added Member To Class: ClassName=POWER Member=Component J9 20PX2R_M
Added Member To Class: ClassName=J4_Nets Member=Wire IO1
Added Member To Class: ClassName=J1_Nets Member=Wire IO2
Added Member To Class: ClassName=J3_Nets Member=Wire IO13
Added Member To Class: ClassName=J2_Nets Member=Wire IO14
Added Member To Class: ClassName=J3_Nets Member=Wire IO21
Added Member To Class: ClassName=J4_Nets Member=Wire IO38
Added Member To Class: ClassName=J1_Nets Member=Wire IOTCK
Added Member To Class: ClassName=J1_Nets Member=Wire IOTDI
Added Member To Class: ClassName=J4_Nets Member=Wire IOTDO
Added Member To Class: ClassName=J4_Nets Member=Wire IOTMS
