Removed Pin From Net: NetName=5V0 Pin=C5-1
Removed Pin From Net: NetName=NetC7_1 Pin=C7-1
Removed Pin From Net: NetName=NetC7_1 Pin=C9-1
Removed Pin From Net: NetName=GND Pin=C9-2
Removed Pin From Net: NetName=NetC11_1 Pin=C12-1
Removed Pin From Net: NetName=GND Pin=C12-2
Removed Member From Class: ClassName=LORA Member=C5
Removed Member From Class: ClassName=POWER Member=C7
Removed Member From Class: ClassName=POWER Member=C9
Removed Member From Class: ClassName=POWER Member=C12
Removed Member From Class: ClassName=C8_Nets Member=NetC7_1
Removed Member From Class: ClassName=C10_Nets Member=NetC7_1
Removed Member From Class: ClassName=J12_Nets Member=NetC7_1
Removed Member From Class: ClassName=U1_Nets Member=NetC7_1
Removed Member From Class: ClassName=U1_Nets Member=NetC7_2
Removed Member From Class: ClassName=C11_Nets Member=NetC11_1
Removed Member From Class: ClassName=C13_Nets Member=NetC11_1
Removed Member From Class: ClassName=J13_Nets Member=NetC11_1
Removed Member From Class: ClassName=L1_Nets Member=NetC11_1
Removed Member From Class: ClassName=R4_Nets Member=NetC11_1
Added Component: Designator=C2(CAPC2012X13L)
Add component (AddParameter): Name = "Manufacturer 1"; Value = ""; VariantName = "[No Variations]"
Add component (AddParameter): Name = "Manufacturer Part Number 1"; Value = ""; VariantName = "[No Variations]"
Add component (AddParameter): Name = "Package"; Value = "0805"; VariantName = "[No Variations]"
Add component (AddParameter): Name = "Value"; Value = "1uF"; VariantName = "[No Variations]"
Added Component: Designator=C3(CAPC2012X13L)
Add component (AddParameter): Name = "Manufacturer 1"; Value = ""; VariantName = "[No Variations]"
Add component (AddParameter): Name = "Manufacturer Part Number 1"; Value = ""; VariantName = "[No Variations]"
Add component (AddParameter): Name = "Package"; Value = "0805"; VariantName = "[No Variations]"
Add component (AddParameter): Name = "Value"; Value = "1uF"; VariantName = "[No Variations]"
Added Pin To Net: NetName=NetC7_1 Pin=C2-1
Added Pin To Net: NetName=NetC7_1 Pin=C3-1
Added Pin To Net: NetName=GND Pin=C3-2
Added Pin To Net: NetName=NetC11_1 Pin=C5-1
Added Pin To Net: NetName=5V0 Pin=C7-1
Added Pin To Net: NetName=GND Pin=C7-2
Change Net Name : Old Net Name=NetC7_1 New Net Name=NetC2_1
Change Net Name : Old Net Name=NetC11_1 New Net Name=NetC5_1
Change Net Color : Old Net Color=RGB(158, 161, 117) New Net Color=RGB(171, 184, 200)
Added Pin To Net: NetName=NetC2_2 Pin=C2-2
Added Pin To Net: NetName=NetC2_2 Pin=U1-4
Added Net: Name=NetC2_2
Change Class Name : Old Net Name=C5_Nets New Net Name=C7_Nets
Added Class: Name=C2_Nets
Added Class: Name=C3_Nets
Added Class: Name=C5_Nets
Added Member To Class: ClassName=POWER Member=Component C2 MLCC_0805
Added Member To Class: ClassName=POWER Member=Component C3 MLCC_0805
Added Member To Class: ClassName=POWER Member=Component C5 MLCC_0805
Added Member To Class: ClassName=LORA Member=Component C7 MLCC_0805
Added Member To Class: ClassName=C8_Nets Member=Wire NetC2_1
Added Member To Class: ClassName=C10_Nets Member=Wire NetC2_1
Added Member To Class: ClassName=J12_Nets Member=Wire NetC2_1
Added Member To Class: ClassName=U1_Nets Member=Wire NetC2_1
Added Member To Class: ClassName=U1_Nets Member=Wire NetC2_2
Added Member To Class: ClassName=C11_Nets Member=Wire NetC5_1
Added Member To Class: ClassName=C13_Nets Member=Wire NetC5_1
Added Member To Class: ClassName=J13_Nets Member=Wire NetC5_1
Added Member To Class: ClassName=L1_Nets Member=Wire NetC5_1
Added Member To Class: ClassName=R4_Nets Member=Wire NetC5_1
