Removed Pin From Net: NetName=GND Pin=C21-2
Removed Pin From Net: NetName=NetJ18_S1 Pin=J18-S2
Removed Pin From Net: NetName=NetJ18_S1 Pin=J18-S3
Removed Pin From Net: NetName=NetJ18_S1 Pin=J18-S4
Removed Pin From Net: NetName=NetJ18_S1 Pin=J18-S5
Removed Pin From Net: NetName=NetJ18_S1 Pin=J18-S6
Removed Member From Class: ClassName=CAN Member=C21
Removed Member From Class: ClassName=J17_Nets Member=NetC21_1
Added Component: Designator=C?(VY1222M43Y5UC63V0)
Add component (AddParameter): Name = "Manufacturer 1"; Value = ""; VariantName = "[No Variations]"
Add component (AddParameter): Name = "Manufacturer Part Number 1"; Value = ""; VariantName = "[No Variations]"
Add component (AddParameter): Name = "Value"; Value = "Y Class "; VariantName = "[No Variations]"
Added Pin To Net: NetName=GND Pin=C?-2
Added Pin To Net: NetName=NetC?_1 Pin=C?-1
Added Pin To Net: NetName=NetC?_1 Pin=J17-S1
Added Pin To Net: NetName=NetC?_1 Pin=J18-S2
Added Net: Name=NetC?_1
Added Pin To Net: NetName=NetJ18_S3 Pin=J18-S3
Added Net: Name=NetJ18_S3
Added Pin To Net: NetName=NetJ18_S4 Pin=J18-S4
Added Net: Name=NetJ18_S4
Added Pin To Net: NetName=NetJ18_S5 Pin=J18-S5
Added Net: Name=NetJ18_S5
Added Pin To Net: NetName=NetJ18_S6 Pin=J18-S6
Added Net: Name=NetJ18_S6
Added Class: Name=C?_Nets
Added Member To Class: ClassName=CAN Member=Component C? VY1
Added Member To Class: ClassName=J17_Nets Member=Wire NetC?_1
Added Member To Class: ClassName=J18_Nets Member=Wire NetC?_1
Added Member To Class: ClassName=J18_Nets Member=Wire NetJ18_S3
Added Member To Class: ClassName=J18_Nets Member=Wire NetJ18_S4
Added Member To Class: ClassName=J18_Nets Member=Wire NetJ18_S5
Added Member To Class: ClassName=J18_Nets Member=Wire NetJ18_S6
